<?xml version="1.0" encoding="UTF-8"?>
<!-- Generated by org.testng.reporters.JUnitReportReporter -->
<testsuite hostname="WTLBALASUBRAMAN" name="TestNg.Test1" tests="2" failures="0" timestamp="1 Nov 2017 22:08:04 GMT" time="29.413" errors="0">
  <testcase name="GoogleTest2" time="12.812" classname="TestNg.Test1"/>
  <testcase name="GoogleTest1" time="16.601" classname="TestNg.Test1"/>
</testsuite> <!-- TestNg.Test1 -->
