<?xml version="1.0" encoding="UTF-8"?>
<!-- Generated by org.testng.reporters.JUnitReportReporter -->
<testsuite hostname="WTLBALASUBRAMAN" name="TestNg.Test1" tests="2" failures="0" timestamp="31 Oct 2017 04:40:06 GMT" time="30.064" errors="0">
  <testcase name="GoogleTest1" time="15.718" classname="TestNg.Test1"/>
  <testcase name="GoogleTest2" time="14.346" classname="TestNg.Test1"/>
</testsuite> <!-- TestNg.Test1 -->
